<?xml version="1.0" encoding="UTF-8"?>
<testsuite xmlns:xsi="http://www.w3.org/2001/XMLSchema-instance" xsi:noNamespaceSchemaLocation="https://maven.apache.org/surefire/maven-surefire-plugin/xsd/surefire-test-report-3.0.xsd" version="3.0" name="com.javaupgrader.service.GitHubServiceTest" time="0.004" tests="6" errors="0" skipped="0" failures="0">
  <properties>
[...]
</properties>
  <testcase name="parseUrl_ssh" classname="com.javaupgrader.service.GitHubServiceTest" time="0.001"/>
  <testcase name="parseUrl_trailingWhitespace" classname="com.javaupgrader.service.GitHubServiceTest" time="0.001"/>
  <testcase name="parseUrl_invalidUrl_throws" classname="com.javaupgrader.service.GitHubServiceTest" time="0.0"/>
  <testcase name="parseUrl_httpsWithGitSuffix" classname="com.javaupgrader.service.GitHubServiceTest" time="0.0"/>
  <testcase name="parseUrl_emptyUrl_throws" classname="com.javaupgrader.service.GitHubServiceTest" time="0.0"/>
  <testcase name="parseUrl_https" classname="com.javaupgrader.service.GitHubServiceTest" time="0.0"/>
</testsuite>