<?xml version="1.0" encoding="UTF-8"?>
<testsuite xmlns:xsi="http://www.w3.org/2001/XMLSchema-instance" xsi:noNamespaceSchemaLocation="https://maven.apache.org/surefire/maven-surefire-plugin/xsd/surefire-test-report-3.0.xsd" version="3.0" name="com.javaupgrader.controller.UpgradeControllerTest" time="1.958" tests="9" errors="0" skipped="0" failures="0">
  <properties>
[...]
</properties>
  <testcase name="upgrade_blankUrl_returnsBadRequest" classname="com.javaupgrader.controller.UpgradeControllerTest" time="0.135">
    <system-out><![CDATA[Standard Commons Logging discovery in action with spring-jcl: please remove commons-logging.jar from classpath in order to avoid potential conflicts
12:34:21.527 [main] INFO org.springframework.test.context.support.AnnotationConfigContextLoaderUtils -- Could not detect default configuration classes for test class [com.javaupgrader.controller.UpgradeControllerTest]: UpgradeControllerTest does not declare any static, non-private, non-final, nested classes annotated with @Configuration.
12:34:21.653 [main] INFO org.springframework.boot.test.context.SpringBootTestContextBootstrapper -- Found @SpringBootConfiguration com.javaupgrader.JavaUpgraderApplication for test class com.javaupgrader.controller.UpgradeControllerTest

  .   ____          _            __ _ _
 /\\ / ___'_ __ _ _(_)_ __  __ _ \ \ \ \
( ( )\___ | '_ | '_| | '_ \/ _` | \ \ \ \
 \\/  ___)| |_)| | | | | || (_| |  ) ) ) )
  '  |____| .__|_| |_|_| |_\__, | / / / /
 =========|_|==============|___/=/_/_/_/

 :: Spring Boot ::                (v3.3.4)

2026-06-08T12:34:21.930-04:00  INFO 72853 --- [java-upgrader] [           main] c.j.controller.UpgradeControllerTest     : Starting UpgradeControllerTest using Java 21.0.3 with PID 72853 (started by acorobceanu in /Users/acorobceanu/Documents/claude/java-upgrader)
2026-06-08T12:34:21.931-04:00  INFO 72853 --- [java-upgrader] [           main] c.j.controller.UpgradeControllerTest     : No active profile set, falling back to 1 default profile: "default"
2026-06-08T12:34:23.056-04:00  INFO 72853 --- [java-upgrader] [           main] o.s.b.t.m.w.SpringBootMockServletContext : Initializing Spring TestDispatcherServlet ''
2026-06-08T12:34:23.056-04:00  INFO 72853 --- [java-upgrader] [           main] o.s.t.web.servlet.TestDispatcherServlet  : Initializing Servlet ''
2026-06-08T12:34:23.057-04:00  INFO 72853 --- [java-upgrader] [           main] o.s.t.web.servlet.TestDispatcherServlet  : Completed initialization in 1 ms
2026-06-08T12:34:23.076-04:00  INFO 72853 --- [java-upgrader] [           main] c.j.controller.UpgradeControllerTest     : Started UpgradeControllerTest in 1.383 seconds (process running for 2.175)
]]></system-out>
    <system-err><![CDATA[WARNING: A Java agent has been loaded dynamically (/Users/acorobceanu/.m2/repository/net/bytebuddy/byte-buddy-agent/1.14.19/byte-buddy-agent-1.14.19.jar)
WARNING: If a serviceability tool is in use, please run with -XX:+EnableDynamicAgentLoading to hide this warning
WARNING: If a serviceability tool is not in use, please run with -Djdk.instrument.traceUsage for more information
WARNING: Dynamic loading of agents will be disallowed by default in a future release
]]></system-err>
  </testcase>
  <testcase name="upgrade_returnsAcceptedWithJobId" classname="com.javaupgrader.controller.UpgradeControllerTest" time="0.031"/>
  <testcase name="getStatus_failedJobWithNoIssue_omitsIssueUrl" classname="com.javaupgrader.controller.UpgradeControllerTest" time="0.019"/>
  <testcase name="getStatus_unknownJob_returnsNotFound" classname="com.javaupgrader.controller.UpgradeControllerTest" time="0.002"/>
  <testcase name="getStatus_failedJob_includesErrorAndIssueUrl" classname="com.javaupgrader.controller.UpgradeControllerTest" time="0.003"/>
  <testcase name="getStatus_succeededJob_includesPrUrl" classname="com.javaupgrader.controller.UpgradeControllerTest" time="0.002"/>
  <testcase name="upgrade_withExplicitVersion_reflectsVersionInResponse" classname="com.javaupgrader.controller.UpgradeControllerTest" time="0.003"/>
  <testcase name="getStatus_pendingJob_returnsStatus" classname="com.javaupgrader.controller.UpgradeControllerTest" time="0.003"/>
  <testcase name="upgrade_missingUrl_returnsBadRequest" classname="com.javaupgrader.controller.UpgradeControllerTest" time="0.005"/>
</testsuite>